<?xml version="1.0" encoding="UTF-8"?>
<testsuite xmlns:xsi="http://www.w3.org/2001/XMLSchema-instance" xsi:noNamespaceSchemaLocation="https://maven.apache.org/surefire/maven-surefire-plugin/xsd/surefire-test-report-3.0.xsd" version="3.0" name="acmemedical.TestACMEMedicalSystem" time="0.982" tests="1" errors="1" skipped="0" failures="0">
  <properties>
[...]
</properties>
  <testcase name="test01_all_physicians_with_adminrole" classname="acmemedical.TestACMEMedicalSystem" time="0.506">
    <error type="jakarta.ws.rs.ProcessingException"><![CDATA[jakarta.ws.rs.ProcessingException: java.net.ConnectException: Connection refused: connect
	at acmemedical.TestACMEMedicalSystem.test01_all_physicians_with_adminrole(TestACMEMedicalSystem.java:93)
Caused by: java.net.ConnectException: Connection refused: connect
	at acmemedical.TestACMEMedicalSystem.test01_all_physicians_with_adminrole(TestACMEMedicalSystem.java:93)
]]></error>
    <system-out><![CDATA[   acmemedical.TestACMEMedicalSystem | oneTimeSetUp]]></system-out>
  </testcase>
</testsuite>